<?xml version="1.0" encoding="UTF-8"?>
<testsuite xmlns:xsi="http://www.w3.org/2001/XMLSchema-instance" xsi:noNamespaceSchemaLocation="https://maven.apache.org/surefire/maven-surefire-plugin/xsd/surefire-test-report.xsd" name="br.edu.ficdev.TurmaControllerTest" time="0.459" tests="1" errors="0" skipped="0" failures="1">
  <properties>
    <property name="java.specification.version" value="17"/>
    <property name="sun.jnu.encoding" value="UTF-8"/>
    <property name="java.class.path" value="/Users/pedroclarindodasilvaneto/Documents/workspace-spring-tool-suite-4-4.19.0.RELEASE/ProjetoTurmaTeste/target/test-classes:/Users/pedroclarindodasilvaneto/Documents/workspace-spring-tool-suite-4-4.19.0.RELEASE/ProjetoTurmaTeste/target/classes:/Users/pedroclarindodasilvaneto/.m2/repository/org/springframework/boot/spring-boot-starter-data-jpa/3.0.8/spring-boot-starter-data-jpa-3.0.8.jar:/Users/pedroclarindodasilvaneto/.m2/repository/org/springframework/boot/spring-boot-starter-aop/3.0.8/spring-boot-starter-aop-3.0.8.jar:/Users/pedroclarindodasilvaneto/.m2/repository/org/springframework/spring-aop/6.0.10/spring-aop-6.0.10.jar:/Users/pedroclarindodasilvaneto/.m2/repository/org/aspectj/aspectjweaver/1.9.19/aspectjweaver-1.9.19.jar:/Users/pedroclarindodasilvaneto/.m2/repository/org/springframework/boot/spring-boot-starter-jdbc/3.0.8/spring-boot-starter-jdbc-3.0.8.jar:/Users/pedroclarindodasilvaneto/.m2/repository/com/zaxxer/HikariCP/5.0.1/HikariCP-5.0.1.jar:/Users/pedroclarindodasilvaneto/.m2/repository/org/springframework/spring-jdbc/6.0.10/spring-jdbc-6.0.10.jar:/Users/pedroclarindodasilvaneto/.m2/repository/org/hibernate/orm/hibernate-core/6.1.7.Final/hibernate-core-6.1.7.Final.jar:/Users/pedroclarindodasilvaneto/.m2/repository/jakarta/persistence/jakarta.persistence-api/3.1.0/jakarta.persistence-api-3.1.0.jar:/Users/pedroclarindodasilvaneto/.m2/repository/jakarta/transaction/jakarta.transaction-api/2.0.1/jakarta.transaction-api-2.0.1.jar:/Users/pedroclarindodasilvaneto/.m2/repository/org/jboss/logging/jboss-logging/3.5.1.Final/jboss-logging-3.5.1.Final.jar:/Users/pedroclarindodasilvaneto/.m2/repository/org/hibernate/common/hibernate-commons-annotations/6.0.6.Final/hibernate-commons-annotations-6.0.6.Final.jar:/Users/pedroclarindodasilvaneto/.m2/repository/org/jboss/jandex/2.4.2.Final/jandex-2.4.2.Final.jar:/Users/pedroclarindodasilvaneto/.m2/repository/com/fasterxml/classmate/1.5.1/classmate-1.5.1.jar:/Users/pedroclarindodasilvaneto/.m2/repository/net/bytebuddy/byte-buddy/1.12.23/byte-buddy-1.12.23.jar:/Users/pedroclarindodasilvaneto/.m2/repository/org/glassfish/jaxb/jaxb-runtime/4.0.3/jaxb-runtime-4.0.3.jar:/Users/pedroclarindodasilvaneto/.m2/repository/org/glassfish/jaxb/jaxb-core/4.0.3/jaxb-core-4.0.3.jar:/Users/pedroclarindodasilvaneto/.m2/repository/org/eclipse/angus/angus-activation/2.0.1/angus-activation-2.0.1.jar:/Users/pedroclarindodasilvaneto/.m2/repository/org/glassfish/jaxb/txw2/4.0.3/txw2-4.0.3.jar:/Users/pedroclarindodasilvaneto/.m2/repository/com/sun/istack/istack-commons-runtime/4.1.2/istack-commons-runtime-4.1.2.jar:/Users/pedroclarindodasilvaneto/.m2/repository/jakarta/inject/jakarta.inject-api/2.0.0/jakarta.inject-api-2.0.0.jar:/Users/pedroclarindodasilvaneto/.m2/repository/org/antlr/antlr4-runtime/4.10.1/antlr4-runtime-4.10.1.jar:/Users/pedroclarindodasilvaneto/.m2/repository/org/springframework/data/spring-data-jpa/3.0.7/spring-data-jpa-3.0.7.jar:/Users/pedroclarindodasilvaneto/.m2/repository/org/springframework/data/spring-data-commons/3.0.7/spring-data-commons-3.0.7.jar:/Users/pedroclarindodasilvaneto/.m2/repository/org/springframework/spring-orm/6.0.10/spring-orm-6.0.10.jar:/Users/pedroclarindodasilvaneto/.m2/repository/org/springframework/spring-context/6.0.10/spring-context-6.0.10.jar:/Users/pedroclarindodasilvaneto/.m2/repository/org/springframework/spring-tx/6.0.10/spring-tx-6.0.10.jar:/Users/pedroclarindodasilvaneto/.m2/repository/org/springframework/spring-beans/6.0.10/spring-beans-6.0.10.jar:/Users/pedroclarindodasilvaneto/.m2/repository/jakarta/annotation/jakarta.annotation-api/2.1.1/jakarta.annotation-api-2.1.1.jar:/Users/pedroclarindodasilvaneto/.m2/repository/org/slf4j/slf4j-api/2.0.7/slf4j-api-2.0.7.jar:/Users/pedroclarindodasilvaneto/.m2/repository/org/springframework/spring-aspects/6.0.10/spring-aspects-6.0.10.jar:/Users/pedroclarindodasilvaneto/.m2/repository/org/springframework/boot/spring-boot-starter-thymeleaf/3.0.8/spring-boot-starter-thymeleaf-3.0.8.jar:/Users/pedroclarindodasilvaneto/.m2/repository/org/springframework/boot/spring-boot-starter/3.0.8/spring-boot-starter-3.0.8.jar:/Users/pedroclarindodasilvaneto/.m2/repository/org/springframework/boot/spring-boot-starter-logging/3.0.8/spring-boot-starter-logging-3.0.8.jar:/Users/pedroclarindodasilvaneto/.m2/repository/ch/qos/logback/logback-classic/1.4.8/logback-classic-1.4.8.jar:/Users/pedroclarindodasilvaneto/.m2/repository/ch/qos/logback/logback-core/1.4.8/logback-core-1.4.8.jar:/Users/pedroclarindodasilvaneto/.m2/repository/org/apache/logging/log4j/log4j-to-slf4j/2.19.0/log4j-to-slf4j-2.19.0.jar:/Users/pedroclarindodasilvaneto/.m2/repository/org/apache/logging/log4j/log4j-api/2.19.0/log4j-api-2.19.0.jar:/Users/pedroclarindodasilvaneto/.m2/repository/org/slf4j/jul-to-slf4j/2.0.7/jul-to-slf4j-2.0.7.jar:/Users/pedroclarindodasilvaneto/.m2/repository/org/yaml/snakeyaml/1.33/snakeyaml-1.33.jar:/Users/pedroclarindodasilvaneto/.m2/repository/org/thymeleaf/thymeleaf-spring6/3.1.1.RELEASE/thymeleaf-spring6-3.1.1.RELEASE.jar:/Users/pedroclarindodasilvaneto/.m2/repository/org/thymeleaf/thymeleaf/3.1.1.RELEASE/thymeleaf-3.1.1.RELEASE.jar:/Users/pedroclarindodasilvaneto/.m2/repository/org/attoparser/attoparser/2.0.6.RELEASE/attoparser-2.0.6.RELEASE.jar:/Users/pedroclarindodasilvaneto/.m2/repository/org/unbescape/unbescape/1.1.6.RELEASE/unbescape-1.1.6.RELEASE.jar:/Users/pedroclarindodasilvaneto/.m2/repository/org/springframework/boot/spring-boot-starter-web/3.0.8/spring-boot-starter-web-3.0.8.jar:/Users/pedroclarindodasilvaneto/.m2/repository/org/springframework/boot/spring-boot-starter-json/3.0.8/spring-boot-starter-json-3.0.8.jar:/Users/pedroclarindodasilvaneto/.m2/repository/com/fasterxml/jackson/core/jackson-databind/2.14.3/jackson-databind-2.14.3.jar:/Users/pedroclarindodasilvaneto/.m2/repository/com/fasterxml/jackson/core/jackson-annotations/2.14.3/jackson-annotations-2.14.3.jar:/Users/pedroclarindodasilvaneto/.m2/repository/com/fasterxml/jackson/core/jackson-core/2.14.3/jackson-core-2.14.3.jar:/Users/pedroclarindodasilvaneto/.m2/repository/com/fasterxml/jackson/datatype/jackson-datatype-jdk8/2.14.3/jackson-datatype-jdk8-2.14.3.jar:/Users/pedroclarindodasilvaneto/.m2/repository/com/fasterxml/jackson/datatype/jackson-datatype-jsr310/2.14.3/jackson-datatype-jsr310-2.14.3.jar:/Users/pedroclarindodasilvaneto/.m2/repository/com/fasterxml/jackson/module/jackson-module-parameter-names/2.14.3/jackson-module-parameter-names-2.14.3.jar:/Users/pedroclarindodasilvaneto/.m2/repository/org/springframework/boot/spring-boot-starter-tomcat/3.0.8/spring-boot-starter-tomcat-3.0.8.jar:/Users/pedroclarindodasilvaneto/.m2/repository/org/apache/tomcat/embed/tomcat-embed-core/10.1.10/tomcat-embed-core-10.1.10.jar:/Users/pedroclarindodasilvaneto/.m2/repository/org/apache/tomcat/embed/tomcat-embed-el/10.1.10/tomcat-embed-el-10.1.10.jar:/Users/pedroclarindodasilvaneto/.m2/repository/org/apache/tomcat/embed/tomcat-embed-websocket/10.1.10/tomcat-embed-websocket-10.1.10.jar:/Users/pedroclarindodasilvaneto/.m2/repository/org/springframework/spring-web/6.0.10/spring-web-6.0.10.jar:/Users/pedroclarindodasilvaneto/.m2/repository/io/micrometer/micrometer-observation/1.10.8/micrometer-observation-1.10.8.jar:/Users/pedroclarindodasilvaneto/.m2/repository/io/micrometer/micrometer-commons/1.10.8/micrometer-commons-1.10.8.jar:/Users/pedroclarindodasilvaneto/.m2/repository/org/springframework/spring-webmvc/6.0.10/spring-webmvc-6.0.10.jar:/Users/pedroclarindodasilvaneto/.m2/repository/org/springframework/spring-expression/6.0.10/spring-expression-6.0.10.jar:/Users/pedroclarindodasilvaneto/.m2/repository/org/springframework/boot/spring-boot-devtools/3.0.8/spring-boot-devtools-3.0.8.jar:/Users/pedroclarindodasilvaneto/.m2/repository/org/springframework/boot/spring-boot/3.0.8/spring-boot-3.0.8.jar:/Users/pedroclarindodasilvaneto/.m2/repository/org/springframework/boot/spring-boot-autoconfigure/3.0.8/spring-boot-autoconfigure-3.0.8.jar:/Users/pedroclarindodasilvaneto/.m2/repository/org/postgresql/postgresql/42.5.4/postgresql-42.5.4.jar:/Users/pedroclarindodasilvaneto/.m2/repository/org/checkerframework/checker-qual/3.5.0/checker-qual-3.5.0.jar:/Users/pedroclarindodasilvaneto/.m2/repository/org/springframework/boot/spring-boot-starter-test/3.0.8/spring-boot-starter-test-3.0.8.jar:/Users/pedroclarindodasilvaneto/.m2/repository/org/springframework/boot/spring-boot-test/3.0.8/spring-boot-test-3.0.8.jar:/Users/pedroclarindodasilvaneto/.m2/repository/org/springframework/boot/spring-boot-test-autoconfigure/3.0.8/spring-boot-test-autoconfigure-3.0.8.jar:/Users/pedroclarindodasilvaneto/.m2/repository/com/jayway/jsonpath/json-path/2.7.0/json-path-2.7.0.jar:/Users/pedroclarindodasilvaneto/.m2/repository/net/minidev/json-smart/2.4.11/json-smart-2.4.11.jar:/Users/pedroclarindodasilvaneto/.m2/repository/net/minidev/accessors-smart/2.4.11/accessors-smart-2.4.11.jar:/Users/pedroclarindodasilvaneto/.m2/repository/org/ow2/asm/asm/9.3/asm-9.3.jar:/Users/pedroclarindodasilvaneto/.m2/repository/jakarta/xml/bind/jakarta.xml.bind-api/4.0.0/jakarta.xml.bind-api-4.0.0.jar:/Users/pedroclarindodasilvaneto/.m2/repository/jakarta/activation/jakarta.activation-api/2.1.2/jakarta.activation-api-2.1.2.jar:/Users/pedroclarindodasilvaneto/.m2/repository/org/assertj/assertj-core/3.23.1/assertj-core-3.23.1.jar:/Users/pedroclarindodasilvaneto/.m2/repository/org/hamcrest/hamcrest/2.2/hamcrest-2.2.jar:/Users/pedroclarindodasilvaneto/.m2/repository/org/junit/jupiter/junit-jupiter/5.9.3/junit-jupiter-5.9.3.jar:/Users/pedroclarindodasilvaneto/.m2/repository/org/junit/jupiter/junit-jupiter-api/5.9.3/junit-jupiter-api-5.9.3.jar:/Users/pedroclarindodasilvaneto/.m2/repository/org/opentest4j/opentest4j/1.2.0/opentest4j-1.2.0.jar:/Users/pedroclarindodasilvaneto/.m2/repository/org/junit/platform/junit-platform-commons/1.9.3/junit-platform-commons-1.9.3.jar:/Users/pedroclarindodasilvaneto/.m2/repository/org/apiguardian/apiguardian-api/1.1.2/apiguardian-api-1.1.2.jar:/Users/pedroclarindodasilvaneto/.m2/repository/org/junit/jupiter/junit-jupiter-params/5.9.3/junit-jupiter-params-5.9.3.jar:/Users/pedroclarindodasilvaneto/.m2/repository/org/junit/jupiter/junit-jupiter-engine/5.9.3/junit-jupiter-engine-5.9.3.jar:/Users/pedroclarindodasilvaneto/.m2/repository/org/junit/platform/junit-platform-engine/1.9.3/junit-platform-engine-1.9.3.jar:/Users/pedroclarindodasilvaneto/.m2/repository/org/mockito/mockito-core/4.8.1/mockito-core-4.8.1.jar:/Users/pedroclarindodasilvaneto/.m2/repository/net/bytebuddy/byte-buddy-agent/1.12.23/byte-buddy-agent-1.12.23.jar:/Users/pedroclarindodasilvaneto/.m2/repository/org/objenesis/objenesis/3.2/objenesis-3.2.jar:/Users/pedroclarindodasilvaneto/.m2/repository/org/mockito/mockito-junit-jupiter/4.8.1/mockito-junit-jupiter-4.8.1.jar:/Users/pedroclarindodasilvaneto/.m2/repository/org/skyscreamer/jsonassert/1.5.1/jsonassert-1.5.1.jar:/Users/pedroclarindodasilvaneto/.m2/repository/com/vaadin/external/google/android-json/0.0.20131108.vaadin1/android-json-0.0.20131108.vaadin1.jar:/Users/pedroclarindodasilvaneto/.m2/repository/org/springframework/spring-core/6.0.10/spring-core-6.0.10.jar:/Users/pedroclarindodasilvaneto/.m2/repository/org/springframework/spring-jcl/6.0.10/spring-jcl-6.0.10.jar:/Users/pedroclarindodasilvaneto/.m2/repository/org/springframework/spring-test/6.0.10/spring-test-6.0.10.jar:/Users/pedroclarindodasilvaneto/.m2/repository/org/xmlunit/xmlunit-core/2.9.1/xmlunit-core-2.9.1.jar:"/>
    <property name="java.vm.vendor" value="Oracle Corporation"/>
    <property name="sun.arch.data.model" value="64"/>
    <property name="java.vendor.url" value="https://java.oracle.com/"/>
    <property name="os.name" value="Mac OS X"/>
    <property name="java.vm.specification.version" value="17"/>
    <property name="sun.java.launcher" value="SUN_STANDARD"/>
    <property name="user.country" value="BR"/>
    <property name="sun.boot.library.path" value="/Library/Java/JavaVirtualMachines/jdk-17.jdk/Contents/Home/lib"/>
    <property name="sun.java.command" value="/Users/pedroclarindodasilvaneto/Documents/workspace-spring-tool-suite-4-4.19.0.RELEASE/ProjetoTurmaTeste/target/surefire/surefirebooter15962030779388003041.jar /Users/pedroclarindodasilvaneto/Documents/workspace-spring-tool-suite-4-4.19.0.RELEASE/ProjetoTurmaTeste/target/surefire 2023-07-08T10-36-47_170-jvmRun1 surefire8159556595522689417tmp surefire_010204734818487514463tmp"/>
    <property name="http.nonProxyHosts" value="local|*.local|169.254/16|*.169.254/16"/>
    <property name="jdk.debug" value="release"/>
    <property name="surefire.test.class.path" value="/Users/pedroclarindodasilvaneto/Documents/workspace-spring-tool-suite-4-4.19.0.RELEASE/ProjetoTurmaTeste/target/test-classes:/Users/pedroclarindodasilvaneto/Documents/workspace-spring-tool-suite-4-4.19.0.RELEASE/ProjetoTurmaTeste/target/classes:/Users/pedroclarindodasilvaneto/.m2/repository/org/springframework/boot/spring-boot-starter-data-jpa/3.0.8/spring-boot-starter-data-jpa-3.0.8.jar:/Users/pedroclarindodasilvaneto/.m2/repository/org/springframework/boot/spring-boot-starter-aop/3.0.8/spring-boot-starter-aop-3.0.8.jar:/Users/pedroclarindodasilvaneto/.m2/repository/org/springframework/spring-aop/6.0.10/spring-aop-6.0.10.jar:/Users/pedroclarindodasilvaneto/.m2/repository/org/aspectj/aspectjweaver/1.9.19/aspectjweaver-1.9.19.jar:/Users/pedroclarindodasilvaneto/.m2/repository/org/springframework/boot/spring-boot-starter-jdbc/3.0.8/spring-boot-starter-jdbc-3.0.8.jar:/Users/pedroclarindodasilvaneto/.m2/repository/com/zaxxer/HikariCP/5.0.1/HikariCP-5.0.1.jar:/Users/pedroclarindodasilvaneto/.m2/repository/org/springframework/spring-jdbc/6.0.10/spring-jdbc-6.0.10.jar:/Users/pedroclarindodasilvaneto/.m2/repository/org/hibernate/orm/hibernate-core/6.1.7.Final/hibernate-core-6.1.7.Final.jar:/Users/pedroclarindodasilvaneto/.m2/repository/jakarta/persistence/jakarta.persistence-api/3.1.0/jakarta.persistence-api-3.1.0.jar:/Users/pedroclarindodasilvaneto/.m2/repository/jakarta/transaction/jakarta.transaction-api/2.0.1/jakarta.transaction-api-2.0.1.jar:/Users/pedroclarindodasilvaneto/.m2/repository/org/jboss/logging/jboss-logging/3.5.1.Final/jboss-logging-3.5.1.Final.jar:/Users/pedroclarindodasilvaneto/.m2/repository/org/hibernate/common/hibernate-commons-annotations/6.0.6.Final/hibernate-commons-annotations-6.0.6.Final.jar:/Users/pedroclarindodasilvaneto/.m2/repository/org/jboss/jandex/2.4.2.Final/jandex-2.4.2.Final.jar:/Users/pedroclarindodasilvaneto/.m2/repository/com/fasterxml/classmate/1.5.1/classmate-1.5.1.jar:/Users/pedroclarindodasilvaneto/.m2/repository/net/bytebuddy/byte-buddy/1.12.23/byte-buddy-1.12.23.jar:/Users/pedroclarindodasilvaneto/.m2/repository/org/glassfish/jaxb/jaxb-runtime/4.0.3/jaxb-runtime-4.0.3.jar:/Users/pedroclarindodasilvaneto/.m2/repository/org/glassfish/jaxb/jaxb-core/4.0.3/jaxb-core-4.0.3.jar:/Users/pedroclarindodasilvaneto/.m2/repository/org/eclipse/angus/angus-activation/2.0.1/angus-activation-2.0.1.jar:/Users/pedroclarindodasilvaneto/.m2/repository/org/glassfish/jaxb/txw2/4.0.3/txw2-4.0.3.jar:/Users/pedroclarindodasilvaneto/.m2/repository/com/sun/istack/istack-commons-runtime/4.1.2/istack-commons-runtime-4.1.2.jar:/Users/pedroclarindodasilvaneto/.m2/repository/jakarta/inject/jakarta.inject-api/2.0.0/jakarta.inject-api-2.0.0.jar:/Users/pedroclarindodasilvaneto/.m2/repository/org/antlr/antlr4-runtime/4.10.1/antlr4-runtime-4.10.1.jar:/Users/pedroclarindodasilvaneto/.m2/repository/org/springframework/data/spring-data-jpa/3.0.7/spring-data-jpa-3.0.7.jar:/Users/pedroclarindodasilvaneto/.m2/repository/org/springframework/data/spring-data-commons/3.0.7/spring-data-commons-3.0.7.jar:/Users/pedroclarindodasilvaneto/.m2/repository/org/springframework/spring-orm/6.0.10/spring-orm-6.0.10.jar:/Users/pedroclarindodasilvaneto/.m2/repository/org/springframework/spring-context/6.0.10/spring-context-6.0.10.jar:/Users/pedroclarindodasilvaneto/.m2/repository/org/springframework/spring-tx/6.0.10/spring-tx-6.0.10.jar:/Users/pedroclarindodasilvaneto/.m2/repository/org/springframework/spring-beans/6.0.10/spring-beans-6.0.10.jar:/Users/pedroclarindodasilvaneto/.m2/repository/jakarta/annotation/jakarta.annotation-api/2.1.1/jakarta.annotation-api-2.1.1.jar:/Users/pedroclarindodasilvaneto/.m2/repository/org/slf4j/slf4j-api/2.0.7/slf4j-api-2.0.7.jar:/Users/pedroclarindodasilvaneto/.m2/repository/org/springframework/spring-aspects/6.0.10/spring-aspects-6.0.10.jar:/Users/pedroclarindodasilvaneto/.m2/repository/org/springframework/boot/spring-boot-starter-thymeleaf/3.0.8/spring-boot-starter-thymeleaf-3.0.8.jar:/Users/pedroclarindodasilvaneto/.m2/repository/org/springframework/boot/spring-boot-starter/3.0.8/spring-boot-starter-3.0.8.jar:/Users/pedroclarindodasilvaneto/.m2/repository/org/springframework/boot/spring-boot-starter-logging/3.0.8/spring-boot-starter-logging-3.0.8.jar:/Users/pedroclarindodasilvaneto/.m2/repository/ch/qos/logback/logback-classic/1.4.8/logback-classic-1.4.8.jar:/Users/pedroclarindodasilvaneto/.m2/repository/ch/qos/logback/logback-core/1.4.8/logback-core-1.4.8.jar:/Users/pedroclarindodasilvaneto/.m2/repository/org/apache/logging/log4j/log4j-to-slf4j/2.19.0/log4j-to-slf4j-2.19.0.jar:/Users/pedroclarindodasilvaneto/.m2/repository/org/apache/logging/log4j/log4j-api/2.19.0/log4j-api-2.19.0.jar:/Users/pedroclarindodasilvaneto/.m2/repository/org/slf4j/jul-to-slf4j/2.0.7/jul-to-slf4j-2.0.7.jar:/Users/pedroclarindodasilvaneto/.m2/repository/org/yaml/snakeyaml/1.33/snakeyaml-1.33.jar:/Users/pedroclarindodasilvaneto/.m2/repository/org/thymeleaf/thymeleaf-spring6/3.1.1.RELEASE/thymeleaf-spring6-3.1.1.RELEASE.jar:/Users/pedroclarindodasilvaneto/.m2/repository/org/thymeleaf/thymeleaf/3.1.1.RELEASE/thymeleaf-3.1.1.RELEASE.jar:/Users/pedroclarindodasilvaneto/.m2/repository/org/attoparser/attoparser/2.0.6.RELEASE/attoparser-2.0.6.RELEASE.jar:/Users/pedroclarindodasilvaneto/.m2/repository/org/unbescape/unbescape/1.1.6.RELEASE/unbescape-1.1.6.RELEASE.jar:/Users/pedroclarindodasilvaneto/.m2/repository/org/springframework/boot/spring-boot-starter-web/3.0.8/spring-boot-starter-web-3.0.8.jar:/Users/pedroclarindodasilvaneto/.m2/repository/org/springframework/boot/spring-boot-starter-json/3.0.8/spring-boot-starter-json-3.0.8.jar:/Users/pedroclarindodasilvaneto/.m2/repository/com/fasterxml/jackson/core/jackson-databind/2.14.3/jackson-databind-2.14.3.jar:/Users/pedroclarindodasilvaneto/.m2/repository/com/fasterxml/jackson/core/jackson-annotations/2.14.3/jackson-annotations-2.14.3.jar:/Users/pedroclarindodasilvaneto/.m2/repository/com/fasterxml/jackson/core/jackson-core/2.14.3/jackson-core-2.14.3.jar:/Users/pedroclarindodasilvaneto/.m2/repository/com/fasterxml/jackson/datatype/jackson-datatype-jdk8/2.14.3/jackson-datatype-jdk8-2.14.3.jar:/Users/pedroclarindodasilvaneto/.m2/repository/com/fasterxml/jackson/datatype/jackson-datatype-jsr310/2.14.3/jackson-datatype-jsr310-2.14.3.jar:/Users/pedroclarindodasilvaneto/.m2/repository/com/fasterxml/jackson/module/jackson-module-parameter-names/2.14.3/jackson-module-parameter-names-2.14.3.jar:/Users/pedroclarindodasilvaneto/.m2/repository/org/springframework/boot/spring-boot-starter-tomcat/3.0.8/spring-boot-starter-tomcat-3.0.8.jar:/Users/pedroclarindodasilvaneto/.m2/repository/org/apache/tomcat/embed/tomcat-embed-core/10.1.10/tomcat-embed-core-10.1.10.jar:/Users/pedroclarindodasilvaneto/.m2/repository/org/apache/tomcat/embed/tomcat-embed-el/10.1.10/tomcat-embed-el-10.1.10.jar:/Users/pedroclarindodasilvaneto/.m2/repository/org/apache/tomcat/embed/tomcat-embed-websocket/10.1.10/tomcat-embed-websocket-10.1.10.jar:/Users/pedroclarindodasilvaneto/.m2/repository/org/springframework/spring-web/6.0.10/spring-web-6.0.10.jar:/Users/pedroclarindodasilvaneto/.m2/repository/io/micrometer/micrometer-observation/1.10.8/micrometer-observation-1.10.8.jar:/Users/pedroclarindodasilvaneto/.m2/repository/io/micrometer/micrometer-commons/1.10.8/micrometer-commons-1.10.8.jar:/Users/pedroclarindodasilvaneto/.m2/repository/org/springframework/spring-webmvc/6.0.10/spring-webmvc-6.0.10.jar:/Users/pedroclarindodasilvaneto/.m2/repository/org/springframework/spring-expression/6.0.10/spring-expression-6.0.10.jar:/Users/pedroclarindodasilvaneto/.m2/repository/org/springframework/boot/spring-boot-devtools/3.0.8/spring-boot-devtools-3.0.8.jar:/Users/pedroclarindodasilvaneto/.m2/repository/org/springframework/boot/spring-boot/3.0.8/spring-boot-3.0.8.jar:/Users/pedroclarindodasilvaneto/.m2/repository/org/springframework/boot/spring-boot-autoconfigure/3.0.8/spring-boot-autoconfigure-3.0.8.jar:/Users/pedroclarindodasilvaneto/.m2/repository/org/postgresql/postgresql/42.5.4/postgresql-42.5.4.jar:/Users/pedroclarindodasilvaneto/.m2/repository/org/checkerframework/checker-qual/3.5.0/checker-qual-3.5.0.jar:/Users/pedroclarindodasilvaneto/.m2/repository/org/springframework/boot/spring-boot-starter-test/3.0.8/spring-boot-starter-test-3.0.8.jar:/Users/pedroclarindodasilvaneto/.m2/repository/org/springframework/boot/spring-boot-test/3.0.8/spring-boot-test-3.0.8.jar:/Users/pedroclarindodasilvaneto/.m2/repository/org/springframework/boot/spring-boot-test-autoconfigure/3.0.8/spring-boot-test-autoconfigure-3.0.8.jar:/Users/pedroclarindodasilvaneto/.m2/repository/com/jayway/jsonpath/json-path/2.7.0/json-path-2.7.0.jar:/Users/pedroclarindodasilvaneto/.m2/repository/net/minidev/json-smart/2.4.11/json-smart-2.4.11.jar:/Users/pedroclarindodasilvaneto/.m2/repository/net/minidev/accessors-smart/2.4.11/accessors-smart-2.4.11.jar:/Users/pedroclarindodasilvaneto/.m2/repository/org/ow2/asm/asm/9.3/asm-9.3.jar:/Users/pedroclarindodasilvaneto/.m2/repository/jakarta/xml/bind/jakarta.xml.bind-api/4.0.0/jakarta.xml.bind-api-4.0.0.jar:/Users/pedroclarindodasilvaneto/.m2/repository/jakarta/activation/jakarta.activation-api/2.1.2/jakarta.activation-api-2.1.2.jar:/Users/pedroclarindodasilvaneto/.m2/repository/org/assertj/assertj-core/3.23.1/assertj-core-3.23.1.jar:/Users/pedroclarindodasilvaneto/.m2/repository/org/hamcrest/hamcrest/2.2/hamcrest-2.2.jar:/Users/pedroclarindodasilvaneto/.m2/repository/org/junit/jupiter/junit-jupiter/5.9.3/junit-jupiter-5.9.3.jar:/Users/pedroclarindodasilvaneto/.m2/repository/org/junit/jupiter/junit-jupiter-api/5.9.3/junit-jupiter-api-5.9.3.jar:/Users/pedroclarindodasilvaneto/.m2/repository/org/opentest4j/opentest4j/1.2.0/opentest4j-1.2.0.jar:/Users/pedroclarindodasilvaneto/.m2/repository/org/junit/platform/junit-platform-commons/1.9.3/junit-platform-commons-1.9.3.jar:/Users/pedroclarindodasilvaneto/.m2/repository/org/apiguardian/apiguardian-api/1.1.2/apiguardian-api-1.1.2.jar:/Users/pedroclarindodasilvaneto/.m2/repository/org/junit/jupiter/junit-jupiter-params/5.9.3/junit-jupiter-params-5.9.3.jar:/Users/pedroclarindodasilvaneto/.m2/repository/org/junit/jupiter/junit-jupiter-engine/5.9.3/junit-jupiter-engine-5.9.3.jar:/Users/pedroclarindodasilvaneto/.m2/repository/org/junit/platform/junit-platform-engine/1.9.3/junit-platform-engine-1.9.3.jar:/Users/pedroclarindodasilvaneto/.m2/repository/org/mockito/mockito-core/4.8.1/mockito-core-4.8.1.jar:/Users/pedroclarindodasilvaneto/.m2/repository/net/bytebuddy/byte-buddy-agent/1.12.23/byte-buddy-agent-1.12.23.jar:/Users/pedroclarindodasilvaneto/.m2/repository/org/objenesis/objenesis/3.2/objenesis-3.2.jar:/Users/pedroclarindodasilvaneto/.m2/repository/org/mockito/mockito-junit-jupiter/4.8.1/mockito-junit-jupiter-4.8.1.jar:/Users/pedroclarindodasilvaneto/.m2/repository/org/skyscreamer/jsonassert/1.5.1/jsonassert-1.5.1.jar:/Users/pedroclarindodasilvaneto/.m2/repository/com/vaadin/external/google/android-json/0.0.20131108.vaadin1/android-json-0.0.20131108.vaadin1.jar:/Users/pedroclarindodasilvaneto/.m2/repository/org/springframework/spring-core/6.0.10/spring-core-6.0.10.jar:/Users/pedroclarindodasilvaneto/.m2/repository/org/springframework/spring-jcl/6.0.10/spring-jcl-6.0.10.jar:/Users/pedroclarindodasilvaneto/.m2/repository/org/springframework/spring-test/6.0.10/spring-test-6.0.10.jar:/Users/pedroclarindodasilvaneto/.m2/repository/org/xmlunit/xmlunit-core/2.9.1/xmlunit-core-2.9.1.jar:"/>
    <property name="sun.cpu.endian" value="little"/>
    <property name="user.home" value="/Users/pedroclarindodasilvaneto"/>
    <property name="user.language" value="pt"/>
    <property name="java.specification.vendor" value="Oracle Corporation"/>
    <property name="java.version.date" value="2023-04-18"/>
    <property name="java.home" value="/Library/Java/JavaVirtualMachines/jdk-17.jdk/Contents/Home"/>
    <property name="file.separator" value="/"/>
    <property name="style.color" value="always"/>
    <property name="basedir" value="/Users/pedroclarindodasilvaneto/Documents/workspace-spring-tool-suite-4-4.19.0.RELEASE/ProjetoTurmaTeste"/>
    <property name="java.vm.compressedOopsMode" value="Zero based"/>
    <property name="line.separator" value="&#10;"/>
    <property name="java.specification.name" value="Java Platform API Specification"/>
    <property name="java.vm.specification.vendor" value="Oracle Corporation"/>
    <property name="surefire.real.class.path" value="/Users/pedroclarindodasilvaneto/Documents/workspace-spring-tool-suite-4-4.19.0.RELEASE/ProjetoTurmaTeste/target/surefire/surefirebooter15962030779388003041.jar"/>
    <property name="sun.management.compiler" value="HotSpot 64-Bit Tiered Compilers"/>
    <property name="ftp.nonProxyHosts" value="local|*.local|169.254/16|*.169.254/16"/>
    <property name="java.runtime.version" value="17.0.7+8-LTS-224"/>
    <property name="user.name" value="pedroclarindodasilvaneto"/>
    <property name="path.separator" value=":"/>
    <property name="os.version" value="13.4.1"/>
    <property name="java.runtime.name" value="Java(TM) SE Runtime Environment"/>
    <property name="file.encoding" value="UTF-8"/>
    <property name="java.vm.name" value="Java HotSpot(TM) 64-Bit Server VM"/>
    <property name="localRepository" value="/Users/pedroclarindodasilvaneto/.m2/repository"/>
    <property name="java.vendor.url.bug" value="https://bugreport.java.com/bugreport/"/>
    <property name="java.io.tmpdir" value="/var/folders/jy/zktnsgyx43n_gnnflp99p8b40000gn/T/"/>
    <property name="java.version" value="17.0.7"/>
    <property name="user.dir" value="/Users/pedroclarindodasilvaneto/Documents/workspace-spring-tool-suite-4-4.19.0.RELEASE/ProjetoTurmaTeste"/>
    <property name="os.arch" value="aarch64"/>
    <property name="java.vm.specification.name" value="Java Virtual Machine Specification"/>
    <property name="native.encoding" value="UTF-8"/>
    <property name="java.library.path" value="/Users/pedroclarindodasilvaneto/Library/Java/Extensions:/Library/Java/Extensions:/Network/Library/Java/Extensions:/System/Library/Java/Extensions:/usr/lib/java:."/>
    <property name="java.vm.info" value="mixed mode, sharing"/>
    <property name="java.vendor" value="Oracle Corporation"/>
    <property name="java.vm.version" value="17.0.7+8-LTS-224"/>
    <property name="sun.io.unicode.encoding" value="UnicodeBig"/>
    <property name="socksNonProxyHosts" value="local|*.local|169.254/16|*.169.254/16"/>
    <property name="java.class.version" value="61.0"/>
  </properties>
  <testcase name="testAddTurma" classname="br.edu.ficdev.TurmaControllerTest" time="0.223">
    <failure message="&#10;Wanted but not invoked:&#10;turmaRepository.save(&#10;    br.edu.ficdev.model.Turma@797c67c&#10;);&#10;-&gt; at br.edu.ficdev.TurmaControllerTest.testAddTurma(TurmaControllerTest.java:65)&#10;Actually, there were zero interactions with this mock.&#10;" type="org.mockito.exceptions.verification.WantedButNotInvoked">org.mockito.exceptions.verification.WantedButNotInvoked: 

Wanted but not invoked:
turmaRepository.save(
    br.edu.ficdev.model.Turma@797c67c
);
-> at br.edu.ficdev.TurmaControllerTest.testAddTurma(TurmaControllerTest.java:65)
Actually, there were zero interactions with this mock.

	at br.edu.ficdev.TurmaControllerTest.testAddTurma(TurmaControllerTest.java:65)
</failure>
    <system-out><![CDATA[2023-07-08T10:36:50.622-04:00  INFO 42887 --- [           main] t.c.s.AnnotationConfigContextLoaderUtils : Could not detect default configuration classes for test class [br.edu.ficdev.TurmaControllerTest]: TurmaControllerTest does not declare any static, non-private, non-final, nested classes annotated with @Configuration.
2023-07-08T10:36:50.624-04:00  INFO 42887 --- [           main] .b.t.c.SpringBootTestContextBootstrapper : Found @SpringBootConfiguration br.edu.ficdev.ProjetoTurmaTesteApplication for test class br.edu.ficdev.TurmaControllerTest

  .   ____          _            __ _ _
 /\\ / ___'_ __ _ _(_)_ __  __ _ \ \ \ \
( ( )\___ | '_ | '_| | '_ \/ _` | \ \ \ \
 \\/  ___)| |_)| | | | | || (_| |  ) ) ) )
  '  |____| .__|_| |_|_| |_\__, | / / / /
 =========|_|==============|___/=/_/_/_/
 :: Spring Boot ::                (v3.0.8)

2023-07-08T10:36:50.633-04:00  INFO 42887 --- [           main] br.edu.ficdev.TurmaControllerTest        : Starting TurmaControllerTest using Java 17.0.7 with PID 42887 (started by pedroclarindodasilvaneto in /Users/pedroclarindodasilvaneto/Documents/workspace-spring-tool-suite-4-4.19.0.RELEASE/ProjetoTurmaTeste)
2023-07-08T10:36:50.633-04:00  INFO 42887 --- [           main] br.edu.ficdev.TurmaControllerTest        : No active profile set, falling back to 1 default profile: "default"
2023-07-08T10:36:50.689-04:00  INFO 42887 --- [           main] .s.d.r.c.RepositoryConfigurationDelegate : Bootstrapping Spring Data JPA repositories in DEFAULT mode.
2023-07-08T10:36:50.691-04:00  INFO 42887 --- [           main] .s.d.r.c.RepositoryConfigurationDelegate : Finished Spring Data repository scanning in 2 ms. Found 1 JPA repository interfaces.
2023-07-08T10:36:50.724-04:00  INFO 42887 --- [           main] o.hibernate.jpa.internal.util.LogHelper  : HHH000204: Processing PersistenceUnitInfo [name: default]
2023-07-08T10:36:50.726-04:00  INFO 42887 --- [           main] com.zaxxer.hikari.HikariDataSource       : HikariPool-2 - Starting...
2023-07-08T10:36:50.732-04:00  INFO 42887 --- [           main] com.zaxxer.hikari.pool.HikariPool        : HikariPool-2 - Added connection org.postgresql.jdbc.PgConnection@662061e3
2023-07-08T10:36:50.732-04:00  INFO 42887 --- [           main] com.zaxxer.hikari.HikariDataSource       : HikariPool-2 - Start completed.
2023-07-08T10:36:50.734-04:00  INFO 42887 --- [           main] SQL dialect                              : HHH000400: Using dialect: org.hibernate.dialect.PostgreSQLDialect
2023-07-08T10:36:50.757-04:00  INFO 42887 --- [           main] o.h.e.t.j.p.i.JtaPlatformInitiator       : HHH000490: Using JtaPlatform implementation: [org.hibernate.engine.transaction.jta.platform.internal.NoJtaPlatform]
2023-07-08T10:36:50.757-04:00  INFO 42887 --- [           main] j.LocalContainerEntityManagerFactoryBean : Initialized JPA EntityManagerFactory for persistence unit 'default'
2023-07-08T10:36:50.784-04:00  WARN 42887 --- [           main] JpaBaseConfiguration$JpaWebConfiguration : spring.jpa.open-in-view is enabled by default. Therefore, database queries may be performed during view rendering. Explicitly configure spring.jpa.open-in-view to disable this warning
2023-07-08T10:36:50.824-04:00  INFO 42887 --- [           main] o.s.b.t.m.w.SpringBootMockServletContext : Initializing Spring TestDispatcherServlet ''
2023-07-08T10:36:50.824-04:00  INFO 42887 --- [           main] o.s.t.web.servlet.TestDispatcherServlet  : Initializing Servlet ''
2023-07-08T10:36:50.825-04:00  INFO 42887 --- [           main] o.s.t.web.servlet.TestDispatcherServlet  : Completed initialization in 0 ms
2023-07-08T10:36:50.829-04:00  INFO 42887 --- [           main] br.edu.ficdev.TurmaControllerTest        : Started TurmaControllerTest in 0.202 seconds (process running for 1.73)

MockHttpServletRequest:
      HTTP Method = POST
      Request URI = /turma
       Parameters = {nome=[Turma A], numeroAlunos=[30]}
          Headers = []
             Body = null
    Session Attrs = {}

Handler:
             Type = br.edu.ficdev.controller.TurmaController
           Method = br.edu.ficdev.controller.TurmaController#addTurma(Turma)

Async:
    Async started = false
     Async result = null

Resolved Exception:
             Type = null

ModelAndView:
        View name = add-turma
             View = null
        Attribute = turma
            value = br.edu.ficdev.model.Turma@6bfc5296
           errors = []
        Attribute = mensagem
            value = Salvo com sucesso!

FlashMap:
       Attributes = null

MockHttpServletResponse:
           Status = 200
    Error message = null
          Headers = [Content-Language:"en", Content-Type:"text/html;charset=UTF-8"]
     Content type = text/html;charset=UTF-8
             Body = <!DOCTYPE html>
<html>
<head>
    <title>Cadastro de Turma</title>
    <meta charset="UTF-8">
    <meta name="viewport" content="width=device-width, initial-scale=1">
    <link rel="stylesheet" href="https://stackpath.bootstrapcdn.com/bootstrap/4.3.1/css/bootstrap.min.css">
</head>
<body>
    <div class="container">
        <h2>Cadastro de Turma</h2>
        
        
        <form action="/turma" method="post">
			
	<div class="alert alert-success alert-dismissible" role= "alert">
        <button type="button" class="close" data-dismiss="alert" ></button>
	<span>Salvo com sucesso!</span>
	</div>
				
			
            <div class="form-group">
                <label for="nome">Nome da Turma:</label>
                <input type="text" class="form-control" id="nome" name="nome" value="Turma A">
            </div>
            <div class="form-group">
                <label for="numeroAlunos">Número de Alunos:</label>
                <input type="number" class="form-control" id="numeroAlunos" name="numeroAlunos" value="30">
            </div>
            <button type="submit" class="btn btn-primary">Cadastrar</button>
        </form>
    </div>
    <script src="https://stackpath.bootstrapcdn.com/bootstrap/4.3.1/js/bootstrap.min.js"></script>
</body>
</html>


    Forwarded URL = null
   Redirected URL = null
          Cookies = []
]]></system-out>
  </testcase>
</testsuite>